<?xml version="1.0" encoding="UTF-8"?>
<testsuite xmlns:xsi="http://www.w3.org/2001/XMLSchema-instance" xsi:noNamespaceSchemaLocation="https://maven.apache.org/surefire/maven-surefire-plugin/xsd/surefire-test-report.xsd" name="com.guardian.AppTest" time="0.028" tests="1" errors="0" skipped="0" failures="0">
  <properties>
    <property name="java.specification.version" value="17"/>
    <property name="sun.jnu.encoding" value="UTF-8"/>
    <property name="java.class.path" value="/Users/sophiajung/Coding/Guardian/GuardianNeuralEngine/neural-engine/target/test-classes:/Users/sophiajung/Coding/Guardian/GuardianNeuralEngine/neural-engine/target/classes:/Users/sophiajung/.m2/repository/software/amazon/awssdk/dynamodb/2.20.91/dynamodb-2.20.91.jar:/Users/sophiajung/.m2/repository/software/amazon/awssdk/aws-json-protocol/2.20.91/aws-json-protocol-2.20.91.jar:/Users/sophiajung/.m2/repository/software/amazon/awssdk/third-party-jackson-core/2.20.91/third-party-jackson-core-2.20.91.jar:/Users/sophiajung/.m2/repository/software/amazon/awssdk/protocol-core/2.20.91/protocol-core-2.20.91.jar:/Users/sophiajung/.m2/repository/software/amazon/awssdk/profiles/2.20.91/profiles-2.20.91.jar:/Users/sophiajung/.m2/repository/software/amazon/awssdk/sdk-core/2.20.91/sdk-core-2.20.91.jar:/Users/sophiajung/.m2/repository/org/slf4j/slf4j-api/1.7.30/slf4j-api-1.7.30.jar:/Users/sophiajung/.m2/repository/org/reactivestreams/reactive-streams/1.0.3/reactive-streams-1.0.3.jar:/Users/sophiajung/.m2/repository/software/amazon/awssdk/auth/2.20.91/auth-2.20.91.jar:/Users/sophiajung/.m2/repository/software/amazon/eventstream/eventstream/1.0.1/eventstream-1.0.1.jar:/Users/sophiajung/.m2/repository/software/amazon/awssdk/http-client-spi/2.20.91/http-client-spi-2.20.91.jar:/Users/sophiajung/.m2/repository/software/amazon/awssdk/regions/2.20.91/regions-2.20.91.jar:/Users/sophiajung/.m2/repository/software/amazon/awssdk/annotations/2.20.91/annotations-2.20.91.jar:/Users/sophiajung/.m2/repository/software/amazon/awssdk/utils/2.20.91/utils-2.20.91.jar:/Users/sophiajung/.m2/repository/software/amazon/awssdk/aws-core/2.20.91/aws-core-2.20.91.jar:/Users/sophiajung/.m2/repository/software/amazon/awssdk/metrics-spi/2.20.91/metrics-spi-2.20.91.jar:/Users/sophiajung/.m2/repository/software/amazon/awssdk/json-utils/2.20.91/json-utils-2.20.91.jar:/Users/sophiajung/.m2/repository/software/amazon/awssdk/endpoints-spi/2.20.91/endpoints-spi-2.20.91.jar:/Users/sophiajung/.m2/repository/software/amazon/awssdk/apache-client/2.20.91/apache-client-2.20.91.jar:/Users/sophiajung/.m2/repository/org/apache/httpcomponents/httpclient/4.5.13/httpclient-4.5.13.jar:/Users/sophiajung/.m2/repository/commons-logging/commons-logging/1.2/commons-logging-1.2.jar:/Users/sophiajung/.m2/repository/org/apache/httpcomponents/httpcore/4.4.13/httpcore-4.4.13.jar:/Users/sophiajung/.m2/repository/commons-codec/commons-codec/1.15/commons-codec-1.15.jar:/Users/sophiajung/.m2/repository/software/amazon/awssdk/netty-nio-client/2.20.91/netty-nio-client-2.20.91.jar:/Users/sophiajung/.m2/repository/io/netty/netty-codec-http/4.1.86.Final/netty-codec-http-4.1.86.Final.jar:/Users/sophiajung/.m2/repository/io/netty/netty-codec-http2/4.1.86.Final/netty-codec-http2-4.1.86.Final.jar:/Users/sophiajung/.m2/repository/io/netty/netty-codec/4.1.86.Final/netty-codec-4.1.86.Final.jar:/Users/sophiajung/.m2/repository/io/netty/netty-transport/4.1.86.Final/netty-transport-4.1.86.Final.jar:/Users/sophiajung/.m2/repository/io/netty/netty-common/4.1.86.Final/netty-common-4.1.86.Final.jar:/Users/sophiajung/.m2/repository/io/netty/netty-buffer/4.1.86.Final/netty-buffer-4.1.86.Final.jar:/Users/sophiajung/.m2/repository/io/netty/netty-handler/4.1.86.Final/netty-handler-4.1.86.Final.jar:/Users/sophiajung/.m2/repository/io/netty/netty-transport-native-unix-common/4.1.86.Final/netty-transport-native-unix-common-4.1.86.Final.jar:/Users/sophiajung/.m2/repository/io/netty/netty-transport-classes-epoll/4.1.86.Final/netty-transport-classes-epoll-4.1.86.Final.jar:/Users/sophiajung/.m2/repository/io/netty/netty-resolver/4.1.86.Final/netty-resolver-4.1.86.Final.jar:/Users/sophiajung/.m2/repository/junit/junit/4.13.1/junit-4.13.1.jar:/Users/sophiajung/.m2/repository/org/hamcrest/hamcrest-core/1.3/hamcrest-core-1.3.jar:"/>
    <property name="java.vm.vendor" value="Amazon.com Inc."/>
    <property name="sun.arch.data.model" value="64"/>
    <property name="java.vendor.url" value="https://aws.amazon.com/corretto/"/>
    <property name="os.name" value="Mac OS X"/>
    <property name="java.vm.specification.version" value="17"/>
    <property name="sun.java.launcher" value="SUN_STANDARD"/>
    <property name="user.country" value="US"/>
    <property name="sun.boot.library.path" value="/Library/Java/JavaVirtualMachines/amazon-corretto-17.jdk/Contents/Home/lib"/>
    <property name="sun.java.command" value="/Users/sophiajung/Coding/Guardian/GuardianNeuralEngine/neural-engine/target/surefire/surefirebooter16434613372244064207.jar /Users/sophiajung/Coding/Guardian/GuardianNeuralEngine/neural-engine/target/surefire 2023-06-24T07-18-41_237-jvmRun1 surefire17139699553185838990tmp surefire_03536326392330021021tmp"/>
    <property name="http.nonProxyHosts" value="local|*.local|169.254/16|*.169.254/16"/>
    <property name="jdk.debug" value="release"/>
    <property name="surefire.test.class.path" value="/Users/sophiajung/Coding/Guardian/GuardianNeuralEngine/neural-engine/target/test-classes:/Users/sophiajung/Coding/Guardian/GuardianNeuralEngine/neural-engine/target/classes:/Users/sophiajung/.m2/repository/software/amazon/awssdk/dynamodb/2.20.91/dynamodb-2.20.91.jar:/Users/sophiajung/.m2/repository/software/amazon/awssdk/aws-json-protocol/2.20.91/aws-json-protocol-2.20.91.jar:/Users/sophiajung/.m2/repository/software/amazon/awssdk/third-party-jackson-core/2.20.91/third-party-jackson-core-2.20.91.jar:/Users/sophiajung/.m2/repository/software/amazon/awssdk/protocol-core/2.20.91/protocol-core-2.20.91.jar:/Users/sophiajung/.m2/repository/software/amazon/awssdk/profiles/2.20.91/profiles-2.20.91.jar:/Users/sophiajung/.m2/repository/software/amazon/awssdk/sdk-core/2.20.91/sdk-core-2.20.91.jar:/Users/sophiajung/.m2/repository/org/slf4j/slf4j-api/1.7.30/slf4j-api-1.7.30.jar:/Users/sophiajung/.m2/repository/org/reactivestreams/reactive-streams/1.0.3/reactive-streams-1.0.3.jar:/Users/sophiajung/.m2/repository/software/amazon/awssdk/auth/2.20.91/auth-2.20.91.jar:/Users/sophiajung/.m2/repository/software/amazon/eventstream/eventstream/1.0.1/eventstream-1.0.1.jar:/Users/sophiajung/.m2/repository/software/amazon/awssdk/http-client-spi/2.20.91/http-client-spi-2.20.91.jar:/Users/sophiajung/.m2/repository/software/amazon/awssdk/regions/2.20.91/regions-2.20.91.jar:/Users/sophiajung/.m2/repository/software/amazon/awssdk/annotations/2.20.91/annotations-2.20.91.jar:/Users/sophiajung/.m2/repository/software/amazon/awssdk/utils/2.20.91/utils-2.20.91.jar:/Users/sophiajung/.m2/repository/software/amazon/awssdk/aws-core/2.20.91/aws-core-2.20.91.jar:/Users/sophiajung/.m2/repository/software/amazon/awssdk/metrics-spi/2.20.91/metrics-spi-2.20.91.jar:/Users/sophiajung/.m2/repository/software/amazon/awssdk/json-utils/2.20.91/json-utils-2.20.91.jar:/Users/sophiajung/.m2/repository/software/amazon/awssdk/endpoints-spi/2.20.91/endpoints-spi-2.20.91.jar:/Users/sophiajung/.m2/repository/software/amazon/awssdk/apache-client/2.20.91/apache-client-2.20.91.jar:/Users/sophiajung/.m2/repository/org/apache/httpcomponents/httpclient/4.5.13/httpclient-4.5.13.jar:/Users/sophiajung/.m2/repository/commons-logging/commons-logging/1.2/commons-logging-1.2.jar:/Users/sophiajung/.m2/repository/org/apache/httpcomponents/httpcore/4.4.13/httpcore-4.4.13.jar:/Users/sophiajung/.m2/repository/commons-codec/commons-codec/1.15/commons-codec-1.15.jar:/Users/sophiajung/.m2/repository/software/amazon/awssdk/netty-nio-client/2.20.91/netty-nio-client-2.20.91.jar:/Users/sophiajung/.m2/repository/io/netty/netty-codec-http/4.1.86.Final/netty-codec-http-4.1.86.Final.jar:/Users/sophiajung/.m2/repository/io/netty/netty-codec-http2/4.1.86.Final/netty-codec-http2-4.1.86.Final.jar:/Users/sophiajung/.m2/repository/io/netty/netty-codec/4.1.86.Final/netty-codec-4.1.86.Final.jar:/Users/sophiajung/.m2/repository/io/netty/netty-transport/4.1.86.Final/netty-transport-4.1.86.Final.jar:/Users/sophiajung/.m2/repository/io/netty/netty-common/4.1.86.Final/netty-common-4.1.86.Final.jar:/Users/sophiajung/.m2/repository/io/netty/netty-buffer/4.1.86.Final/netty-buffer-4.1.86.Final.jar:/Users/sophiajung/.m2/repository/io/netty/netty-handler/4.1.86.Final/netty-handler-4.1.86.Final.jar:/Users/sophiajung/.m2/repository/io/netty/netty-transport-native-unix-common/4.1.86.Final/netty-transport-native-unix-common-4.1.86.Final.jar:/Users/sophiajung/.m2/repository/io/netty/netty-transport-classes-epoll/4.1.86.Final/netty-transport-classes-epoll-4.1.86.Final.jar:/Users/sophiajung/.m2/repository/io/netty/netty-resolver/4.1.86.Final/netty-resolver-4.1.86.Final.jar:/Users/sophiajung/.m2/repository/junit/junit/4.13.1/junit-4.13.1.jar:/Users/sophiajung/.m2/repository/org/hamcrest/hamcrest-core/1.3/hamcrest-core-1.3.jar:"/>
    <property name="sun.cpu.endian" value="little"/>
    <property name="user.home" value="/Users/sophiajung"/>
    <property name="user.language" value="en"/>
    <property name="java.specification.vendor" value="Oracle Corporation"/>
    <property name="java.version.date" value="2023-04-18"/>
    <property name="java.home" value="/Library/Java/JavaVirtualMachines/amazon-corretto-17.jdk/Contents/Home"/>
    <property name="file.separator" value="/"/>
    <property name="basedir" value="/Users/sophiajung/Coding/Guardian/GuardianNeuralEngine/neural-engine"/>
    <property name="java.vm.compressedOopsMode" value="Zero based"/>
    <property name="line.separator" value="&#10;"/>
    <property name="java.specification.name" value="Java Platform API Specification"/>
    <property name="java.vm.specification.vendor" value="Oracle Corporation"/>
    <property name="surefire.real.class.path" value="/Users/sophiajung/Coding/Guardian/GuardianNeuralEngine/neural-engine/target/surefire/surefirebooter16434613372244064207.jar"/>
    <property name="sun.management.compiler" value="HotSpot 64-Bit Tiered Compilers"/>
    <property name="ftp.nonProxyHosts" value="local|*.local|169.254/16|*.169.254/16"/>
    <property name="java.runtime.version" value="17.0.7+7-LTS"/>
    <property name="user.name" value="sophiajung"/>
    <property name="path.separator" value=":"/>
    <property name="os.version" value="13.4.1"/>
    <property name="java.runtime.name" value="OpenJDK Runtime Environment"/>
    <property name="file.encoding" value="UTF-8"/>
    <property name="java.vm.name" value="OpenJDK 64-Bit Server VM"/>
    <property name="java.vendor.version" value="Corretto-17.0.7.7.1"/>
    <property name="localRepository" value="/Users/sophiajung/.m2/repository"/>
    <property name="java.vendor.url.bug" value="https://github.com/corretto/corretto-17/issues/"/>
    <property name="java.io.tmpdir" value="/var/folders/h9/t5fjbb5546s69kyf51z0q13m0000gn/T/"/>
    <property name="java.version" value="17.0.7"/>
    <property name="user.dir" value="/Users/sophiajung/Coding/Guardian/GuardianNeuralEngine/neural-engine"/>
    <property name="os.arch" value="aarch64"/>
    <property name="java.vm.specification.name" value="Java Virtual Machine Specification"/>
    <property name="native.encoding" value="UTF-8"/>
    <property name="java.library.path" value="/Users/sophiajung/Library/Java/Extensions:/Library/Java/Extensions:/Network/Library/Java/Extensions:/System/Library/Java/Extensions:/usr/lib/java:."/>
    <property name="java.vm.info" value="mixed mode, sharing"/>
    <property name="java.vendor" value="Amazon.com Inc."/>
    <property name="java.vm.version" value="17.0.7+7-LTS"/>
    <property name="sun.io.unicode.encoding" value="UnicodeBig"/>
    <property name="socksNonProxyHosts" value="local|*.local|169.254/16|*.169.254/16"/>
    <property name="java.class.version" value="61.0"/>
  </properties>
  <testcase name="shouldAnswerWithTrue" classname="com.guardian.AppTest" time="0.002"/>
</testsuite>